<?xml version="1.0" encoding="UTF-8"?>
<!-- Generated by org.testng.reporters.JUnitXMLReporter -->
<testsuite hostname="TYSS-MF-046" ignored="0" name="GC" tests="3" failures="0" timestamp="27 Feb 2018 07:51:04 GMT" time="1.077" errors="0">
  <testcase name="@BeforeMethod preCondition" time="1.024" classname="scripts.BaseTest">
    <failure type="org.openqa.selenium.SessionNotCreatedException" message="Unable to find a matching set of capabilities
Build info: version: &amp;apos;3.8.1&amp;apos;, revision: &amp;apos;6e95a6684b&amp;apos;, time: &amp;apos;2017-12-01T19:05:32.194Z&amp;apos;
System info: host: &amp;apos;TYSS-MF-046&amp;apos;, ip: &amp;apos;10.10.14.96&amp;apos;, os.name: &amp;apos;Windows 10&amp;apos;, os.arch: &amp;apos;amd64&amp;apos;, os.version: &amp;apos;10.0&amp;apos;, java.version: &amp;apos;1.8.0_111&amp;apos;
Driver info: driver.version: FirefoxDriver
remote stacktrace: stack backtrace:
   0:           0x4821c4 - &amp;lt;no info&amp;gt;
   1:           0x482933 - &amp;lt;no info&amp;gt;
   2:           0x445281 - &amp;lt;no info&amp;gt;
   3:           0x4462ca - &amp;lt;no info&amp;gt;
   4:           0x43026a - &amp;lt;no info&amp;gt;
   5:           0x40ba4e - &amp;lt;no info&amp;gt;
   6:           0x4119b9 - &amp;lt;no info&amp;gt;
   7:           0x6d2c89 - &amp;lt;no info&amp;gt;
   8:           0x426006 - &amp;lt;no info&amp;gt;
   9:           0x6cd490 - &amp;lt;no info&amp;gt;
  10:     0x7ff85bd68364 - BaseThreadInitThunk">
      <![CDATA[org.openqa.selenium.SessionNotCreatedException: Unable to find a matching set of capabilitiesBuild info: version: '3.8.1', revision: '6e95a6684b', time: '2017-12-01T19:05:32.194Z'System info: host: 'TYSS-MF-046', ip: '10.10.14.96', os.name: 'Windows 10', os.arch: 'amd64', os.version: '10.0', java.version: '1.8.0_111'Driver info: driver.version: FirefoxDriverremote stacktrace: stack backtrace:   0:           0x4821c4 - <no info>   1:           0x482933 - <no info>   2:           0x445281 - <no info>   3:           0x4462ca - <no info>   4:           0x43026a - <no info>   5:           0x40ba4e - <no info>   6:           0x4119b9 - <no info>   7:           0x6d2c89 - <no info>   8:           0x426006 - <no info>   9:           0x6cd490 - <no info>  10:     0x7ff85bd68364 - BaseThreadInitThunkat org.openqa.selenium.remote.W3CHandshakeResponse.lambda$new$0(W3CHandshakeResponse.java:57)at org.openqa.selenium.remote.W3CHandshakeResponse.lambda$getResponseFunction$2(W3CHandshakeResponse.java:104)at org.openqa.selenium.remote.ProtocolHandshake.lambda$createSession$0(ProtocolHandshake.java:123)at java.util.stream.ReferencePipeline$3$1.accept(ReferencePipeline.java:193)at java.util.Spliterators$ArraySpliterator.tryAdvance(Spliterators.java:958)at java.util.stream.ReferencePipeline.forEachWithCancel(ReferencePipeline.java:126)at java.util.stream.AbstractPipeline.copyIntoWithCancel(AbstractPipeline.java:498)at java.util.stream.AbstractPipeline.copyInto(AbstractPipeline.java:485)at java.util.stream.AbstractPipeline.wrapAndCopyInto(AbstractPipeline.java:471)at java.util.stream.FindOps$FindOp.evaluateSequential(FindOps.java:152)at java.util.stream.AbstractPipeline.evaluate(AbstractPipeline.java:234)at java.util.stream.ReferencePipeline.findFirst(ReferencePipeline.java:464)at org.openqa.selenium.remote.ProtocolHandshake.createSession(ProtocolHandshake.java:126)at org.openqa.selenium.remote.ProtocolHandshake.createSession(ProtocolHandshake.java:73)at org.openqa.selenium.remote.HttpCommandExecutor.execute(HttpCommandExecutor.java:142)at org.openqa.selenium.remote.service.DriverCommandExecutor.execute(DriverCommandExecutor.java:83)at org.openqa.selenium.remote.RemoteWebDriver.execute(RemoteWebDriver.java:601)at org.openqa.selenium.remote.RemoteWebDriver.startSession(RemoteWebDriver.java:219)at org.openqa.selenium.remote.RemoteWebDriver.<init>(RemoteWebDriver.java:142)at org.openqa.selenium.firefox.FirefoxDriver.<init>(FirefoxDriver.java:120)at org.openqa.selenium.firefox.FirefoxDriver.<init>(FirefoxDriver.java:98)at scripts.BaseTest.preCondition(BaseTest.java:29)... Removed 32 stack frames]]>
    </failure>
  </testcase> <!-- @BeforeMethod preCondition -->
  <testcase name="@AfterMethod afterCondition" time="0.0" classname="scripts.BaseTest">
    <skipped/>
  </testcase> <!-- @AfterMethod afterCondition -->
  <testcase name="@BeforeMethod preCondition" time="0.0" classname="scripts.BaseTest">
    <skipped/>
  </testcase> <!-- @BeforeMethod preCondition -->
  <testcase name="@AfterMethod afterCondition" time="0.0" classname="scripts.BaseTest">
    <skipped/>
  </testcase> <!-- @AfterMethod afterCondition -->
  <testcase name="@BeforeMethod preCondition" time="0.0" classname="scripts.BaseTest">
    <skipped/>
  </testcase> <!-- @BeforeMethod preCondition -->
  <testcase name="@AfterMethod afterCondition" time="0.0" classname="scripts.BaseTest">
    <skipped/>
  </testcase> <!-- @AfterMethod afterCondition -->
  <testcase name="testvalidLogin" time="0.0" classname="scripts.Test_ValidLogin">
    <skipped/>
  </testcase> <!-- testvalidLogin -->
  <testcase name="testVerifyVersion" time="0.0" classname="scripts.Test_verifyVersion">
    <skipped/>
  </testcase> <!-- testVerifyVersion -->
  <testcase name="testInvalidLogin" time="0.0" classname="scripts.Test_InvalidLogin">
    <skipped/>
  </testcase> <!-- testInvalidLogin -->
</testsuite> <!-- GC -->
